MidiSynthExample/build/intermediates/manifest_merge_blame_file/debug/manifest-merger-blame-debug-report.txt
1<?xml version="1.0" encoding="utf-8"?>
2<!--
3 Copyright (C) 2015 The Android Open Source Project
4
5     Licensed under the Apache License, Version 2.0 (the "License");
6     you may not use this file except in compliance with the License.
7     You may obtain a copy of the License at
8
9          http://www.apache.org/licenses/LICENSE-2.0
10
11     Unless required by applicable law or agreed to in writing, software
12     distributed under the License is distributed on an "AS IS" BASIS,
13     WITHOUT WARRANTIES OR CONDITIONS OF ANY KIND, either express or implied.
14     See the License for the specific language governing permissions and
15     limitations under the License.
16-->
17<manifest xmlns:android="http://schemas.android.com/apk/res/android"
18    package="com.mobileer.midisynthexample"
19    android:versionCode="6"
20    android:versionName="1.5" >
21
22    <uses-sdk
23        android:minSdkVersion="23"
23-->src/main/AndroidManifest.xml
24        android:targetSdkVersion="29" />
24-->src/main/AndroidManifest.xml
25
26    <uses-feature
26-->src/main/AndroidManifest.xml:20:5-22:36
27        android:name="android.software.leanback"
27-->src/main/AndroidManifest.xml:21:9-49
28        android:required="false" />
28-->src/main/AndroidManifest.xml:22:9-33
29    <uses-feature
29-->src/main/AndroidManifest.xml:23:5-81
30        android:name="android.software.midi"
30-->src/main/AndroidManifest.xml:23:19-55
31        android:required="true" />
31-->src/main/AndroidManifest.xml:23:56-79
32
33    <application
33-->src/main/AndroidManifest.xml:25:5-46:19
34        android:allowBackup="true"
34-->src/main/AndroidManifest.xml:26:9-35
35        android:appComponentFactory="androidx.core.app.CoreComponentFactory"
35-->[androidx.core:core:1.1.0] AndroidManifest.xml:24:18-86
36        android:debuggable="true"
37        android:icon="@mipmap/ic_launcher"
37-->src/main/AndroidManifest.xml:27:9-43
38        android:label="@string/app_name"
38-->[:MidiTools] AndroidManifest.xml:11:18-50
39        android:testOnly="true" >
40        <activity
40-->src/main/AndroidManifest.xml:28:9-35:20
41            android:name="com.mobileer.midisynthexample.MainActivity"
41-->src/main/AndroidManifest.xml:28:19-76
42            android:label="SynthExample" >
42-->src/main/AndroidManifest.xml:28:77-105
43            <intent-filter>
43-->src/main/AndroidManifest.xml:29:13-34:29
44                <action android:name="android.intent.action.MAIN" />
44-->src/main/AndroidManifest.xml:30:17-69
44-->src/main/AndroidManifest.xml:30:25-66
45
46                <category android:name="android.intent.category.DEFAULT" />
46-->src/main/AndroidManifest.xml:31:17-76
46-->src/main/AndroidManifest.xml:31:27-73
47                <category android:name="android.intent.category.LAUNCHER" />
47-->src/main/AndroidManifest.xml:32:17-77
47-->src/main/AndroidManifest.xml:32:27-74
48                <category android:name="android.intent.category.LEANBACK_LAUNCHER" />
48-->src/main/AndroidManifest.xml:33:17-86
48-->src/main/AndroidManifest.xml:33:27-83
49            </intent-filter>
50        </activity>
51
52        <service
52-->src/main/AndroidManifest.xml:37:9-44:19
53            android:name="com.mobileer.midisynthexample.MidiSynthDeviceService"
53-->src/main/AndroidManifest.xml:37:18-85
54            android:permission="android.permission.BIND_MIDI_DEVICE_SERVICE" >
54-->src/main/AndroidManifest.xml:38:13-77
55            <intent-filter>
55-->src/main/AndroidManifest.xml:39:13-41:29
56                <action android:name="android.media.midi.MidiDeviceService" />
56-->src/main/AndroidManifest.xml:40:17-79
56-->src/main/AndroidManifest.xml:40:25-76
57            </intent-filter>
58
59            <meta-data
59-->src/main/AndroidManifest.xml:42:13-43:61
60                android:name="android.media.midi.MidiDeviceService"
60-->src/main/AndroidManifest.xml:42:24-75
61                android:resource="@xml/synth_device_info" />
61-->src/main/AndroidManifest.xml:43:17-58
62        </service>
63    </application>
64
65</manifest>